{"timestamp": "2026-04-06T09:43:44.809157", "event": "TEST_START", "data": {"test": "get_course_policy"}}
{"timestamp": "2026-04-06T09:43:44.809157", "event": "TEST_START", "data": {"test": "get_course_policy"}}
{"timestamp": "2026-04-06T09:43:44.811494", "event": "TEST_RESULT", "data": {"test": "late_submission", "result": {"success": true, "policy_type": "late_submission", "description": "Quy \u0111\u1ecbnh n\u1ed9p tr\u1ec5", "details": "N\u1ed9p tr\u1ec5 1 ng\u00e0y: -10%. Tr\u1ec5 2-3 ng\u00e0y: -20%. Tr\u1ec5 >3 ng\u00e0y: 0 \u0111i\u1ec3m. Ph\u1ea3i c\u00f3 l\u00fd do ch\u00ednh \u0111\u00e1ng \u0111\u1ec3 \u0111\u01b0\u1ee3c xem x\u00e9t."}}}
{"timestamp": "2026-04-06T09:43:44.811494", "event": "TEST_RESULT", "data": {"test": "late_submission", "result": {"success": true, "policy_type": "late_submission", "description": "Quy \u0111\u1ecbnh n\u1ed9p tr\u1ec5", "details": "N\u1ed9p tr\u1ec5 1 ng\u00e0y: -10%. Tr\u1ec5 2-3 ng\u00e0y: -20%. Tr\u1ec5 >3 ng\u00e0y: 0 \u0111i\u1ec3m. Ph\u1ea3i c\u00f3 l\u00fd do ch\u00ednh \u0111\u00e1ng \u0111\u1ec3 \u0111\u01b0\u1ee3c xem x\u00e9t."}}}
{"timestamp": "2026-04-06T09:43:44.813745", "event": "TEST_RESULT", "data": {"test": "invalid_policy", "result": {"success": false, "policy_type": "invalid_policy", "description": "", "details": "Policy type 'invalid_policy' not found. Available types: deadline, scoring, late_submission, grading, attendance"}}}
{"timestamp": "2026-04-06T09:43:44.813745", "event": "TEST_RESULT", "data": {"test": "invalid_policy", "result": {"success": false, "policy_type": "invalid_policy", "description": "", "details": "Policy type 'invalid_policy' not found. Available types: deadline, scoring, late_submission, grading, attendance"}}}
{"timestamp": "2026-04-06T09:43:44.816808", "event": "TEST_RESULT", "data": {"test": "scoring", "result": {"success": true, "policy_type": "scoring", "description": "C\u00e1ch t\u00ednh \u0111i\u1ec3m", "details": "\u0110i\u1ec3m cu\u1ed1i c\u00f9ng = 40% b\u00e0i t\u1eadp + 30% thi gi\u1eefa k\u1ef3 + 30% thi cu\u1ed1i k\u1ef3. \u0110i\u1ec3m t\u1ed1i thi\u1ec3u \u0111\u1ec3 qua m\u00f4n l\u00e0 5.0/10."}}}
{"timestamp": "2026-04-06T09:43:44.816808", "event": "TEST_RESULT", "data": {"test": "scoring", "result": {"success": true, "policy_type": "scoring", "description": "C\u00e1ch t\u00ednh \u0111i\u1ec3m", "details": "\u0110i\u1ec3m cu\u1ed1i c\u00f9ng = 40% b\u00e0i t\u1eadp + 30% thi gi\u1eefa k\u1ef3 + 30% thi cu\u1ed1i k\u1ef3. \u0110i\u1ec3m t\u1ed1i thi\u1ec3u \u0111\u1ec3 qua m\u00f4n l\u00e0 5.0/10."}}}
{"timestamp": "2026-04-06T09:43:44.817506", "event": "TEST_END", "data": {"test": "get_course_policy"}}
{"timestamp": "2026-04-06T09:43:44.817506", "event": "TEST_END", "data": {"test": "get_course_policy"}}
{"timestamp": "2026-04-06T09:55:52.402801", "event": "TEST_START", "data": {"test": "get_course_policy"}}
{"timestamp": "2026-04-06T09:55:52.402801", "event": "TEST_START", "data": {"test": "get_course_policy"}}
{"timestamp": "2026-04-06T09:55:52.451145", "event": "TEST_RESULT", "data": {"test": "late_submission", "result": {"success": true, "policy_type": "late_submission", "description": "Quy \u0111\u1ecbnh n\u1ed9p tr\u1ec5", "details": "N\u1ed9p tr\u1ec5 1 ng\u00e0y: -10%. Tr\u1ec5 2-3 ng\u00e0y: -20%. Tr\u1ec5 >3 ng\u00e0y: 0 \u0111i\u1ec3m. Ph\u1ea3i c\u00f3 l\u00fd do ch\u00ednh \u0111\u00e1ng \u0111\u1ec3 \u0111\u01b0\u1ee3c xem x\u00e9t."}}}
{"timestamp": "2026-04-06T09:55:52.451145", "event": "TEST_RESULT", "data": {"test": "late_submission", "result": {"success": true, "policy_type": "late_submission", "description": "Quy \u0111\u1ecbnh n\u1ed9p tr\u1ec5", "details": "N\u1ed9p tr\u1ec5 1 ng\u00e0y: -10%. Tr\u1ec5 2-3 ng\u00e0y: -20%. Tr\u1ec5 >3 ng\u00e0y: 0 \u0111i\u1ec3m. Ph\u1ea3i c\u00f3 l\u00fd do ch\u00ednh \u0111\u00e1ng \u0111\u1ec3 \u0111\u01b0\u1ee3c xem x\u00e9t."}}}
{"timestamp": "2026-04-06T09:55:52.453485", "event": "TEST_RESULT", "data": {"test": "invalid_policy", "result": {"success": false, "policy_type": "invalid_policy", "description": "", "details": "Policy type 'invalid_policy' not found. Available types: deadline, scoring, late_submission, grading, attendance"}}}
{"timestamp": "2026-04-06T09:55:52.453485", "event": "TEST_RESULT", "data": {"test": "invalid_policy", "result": {"success": false, "policy_type": "invalid_policy", "description": "", "details": "Policy type 'invalid_policy' not found. Available types: deadline, scoring, late_submission, grading, attendance"}}}
{"timestamp": "2026-04-06T09:55:52.455166", "event": "TEST_RESULT", "data": {"test": "scoring", "result": {"success": true, "policy_type": "scoring", "description": "C\u00e1ch t\u00ednh \u0111i\u1ec3m", "details": "\u0110i\u1ec3m cu\u1ed1i c\u00f9ng = 40% b\u00e0i t\u1eadp + 30% thi gi\u1eefa k\u1ef3 + 30% thi cu\u1ed1i k\u1ef3. \u0110i\u1ec3m t\u1ed1i thi\u1ec3u \u0111\u1ec3 qua m\u00f4n l\u00e0 5.0/10."}}}
{"timestamp": "2026-04-06T09:55:52.455166", "event": "TEST_RESULT", "data": {"test": "scoring", "result": {"success": true, "policy_type": "scoring", "description": "C\u00e1ch t\u00ednh \u0111i\u1ec3m", "details": "\u0110i\u1ec3m cu\u1ed1i c\u00f9ng = 40% b\u00e0i t\u1eadp + 30% thi gi\u1eefa k\u1ef3 + 30% thi cu\u1ed1i k\u1ef3. \u0110i\u1ec3m t\u1ed1i thi\u1ec3u \u0111\u1ec3 qua m\u00f4n l\u00e0 5.0/10."}}}
{"timestamp": "2026-04-06T09:55:52.456896", "event": "TEST_END", "data": {"test": "get_course_policy"}}
{"timestamp": "2026-04-06T09:55:52.456896", "event": "TEST_END", "data": {"test": "get_course_policy"}}
{"timestamp": "2026-04-06T10:16:19.944562", "event": "TEST_START", "data": {"test": "get_course_policy"}}
